Arguments: 
  /usr/local/bin/node /Users/lesha/npm/bin/yarn add --dev textpress/rx-marble-testing

PATH: 
  /Users/lesha/npm/bin:/usr/local/bin:/usr/bin:/bin:/usr/sbin:/sbin

Yarn version: 
  1.2.1

Node version: 
  6.11.1

Platform: 
  darwin x64

npm manifest: 
  {
    "name": "@textpress/rx-op-throttle-input",
    "version": "0.0.1",
    "main": "index.js",
    "license": "MIT",
    "scripts": {
      "test": "jest",
      "flow": "flow check",
      "flow-install-types": "flow-typed install --overwrite",
      "bump": "gulp bump --part",
      "build": "yarn build:clean && yarn build:lib && yarn build:flow",
      "build:clean": "rimraf lib",
      "build:lib": "babel -d lib src --ignore '**/__tests__/**'",
      "build:flow": "flow-copy-source -v -i '**/__tests__/**' src lib",
      "ci-test": "jest",
      "ci-build": "yarn build",
      "ci-release-notes": "conventional-github-releaser -p eslint"
    },
    "jest": {
      "testEnvironment": "node",
      "coverageDirectory": "<rootDir>/.jest-coverage",
      "testMatch": [
        "**/__tests__/**/*.test.js"
      ]
    },
    "dependencies": {
      "rxjs": "^5.5.0"
    },
    "devDependencies": {
      "@textpress/babel-preset-textpress": "^0.3.1",
      "@textpress/eslint-config-textpress": "^0.0.6",
      "@textpress/gulp-bump-version": "^0.2.0",
      "@textpress/rx-marble-testing": "^0.0.2",
      "conventional-github-releaser": "^1.1.12",
      "eslint": "^4.9.0",
      "flow": "^0.2.3",
      "flow-bin": "^0.57.3",
      "flow-copy-source": "^1.2.1",
      "flow-typed": "^2.2.0",
      "jest": "^21.2.1",
      "jest-cli": "^21.2.1",
      "rimraf": "^2.6.2"
    }
  }

yarn manifest: 
  No manifest

Lockfile: 
  No lockfile

Trace: 
  Error: https://registry.yarnpkg.com/@textpress%2frx-marble-testing: Not found
      at Request.params.callback [as _callback] (/Users/lesha/npm/lib/node_modules/yarn/lib/cli.js:62027:18)
      at Request.self.callback (/Users/lesha/npm/lib/node_modules/yarn/lib/cli.js:123011:22)
      at emitTwo (events.js:106:13)
      at Request.emit (events.js:191:7)
      at Request.<anonymous> (/Users/lesha/npm/lib/node_modules/yarn/lib/cli.js:123994:10)
      at emitOne (events.js:96:13)
      at Request.emit (events.js:188:7)
      at IncomingMessage.<anonymous> (/Users/lesha/npm/lib/node_modules/yarn/lib/cli.js:123914:12)
      at IncomingMessage.g (events.js:292:16)
      at emitNone (events.js:91:20)
      at IncomingMessage.emit (events.js:185:7)
